c:\users\diyoj\source\repos\workshop1\debug\vc142.pdb
c:\users\diyoj\source\repos\workshop1\debug\vc142.idb
c:\users\diyoj\source\repos\workshop1\debug\workshop1.obj
c:\users\diyoj\source\repos\workshop1\debug\w1p1.obj
c:\users\diyoj\source\repos\workshop1\debug\workshop1.ilk
c:\users\diyoj\source\repos\workshop1\debug\workshop1.exe
c:\users\diyoj\source\repos\workshop1\debug\workshop1.pdb
c:\users\diyoj\source\repos\workshop1.nee\debug\w1p1.obj
c:\users\diyoj\source\repos\workshop1.nee\debug\workshop1.obj
c:\users\diyoj\source\repos\workshop1.nee\debug\workshop1.ilk
c:\users\diyoj\source\repos\workshop1.nee\debug\vc142.idb
c:\users\diyoj\source\repos\workshop1.nee\debug\vc142.pdb
c:\users\diyoj\source\repos\workshop1.nee\debug\workshop1.pdb
c:\users\diyoj\source\repos\workshop1.nee\debug\workshop1.exe
c:\users\diyoj\source\repos\workshop1.nee\debug\workshop1.tlog\cl.command.1.tlog
c:\users\diyoj\source\repos\workshop1.nee\debug\workshop1.tlog\cl.read.1.tlog
c:\users\diyoj\source\repos\workshop1.nee\debug\workshop1.tlog\cl.write.1.tlog
c:\users\diyoj\source\repos\workshop1.nee\debug\workshop1.tlog\link.command.1.tlog
c:\users\diyoj\source\repos\workshop1.nee\debug\workshop1.tlog\link.read.1.tlog
c:\users\diyoj\source\repos\workshop1.nee\debug\workshop1.tlog\link.write.1.tlog
